<?xml version="1.0" encoding="UTF-8"?>
<testng-results skipped="0" failed="0" total="1" passed="1">
  <reporter-output>
    <line>
      <![CDATA[Test testcase6 is passed]]>
    </line>
  </reporter-output>
  <suite name="Default suite" duration-ms="65032" started-at="2019-11-13T08:58:04Z" finished-at="2019-11-13T08:59:09Z">
    <groups>
    </groups>
    <test name="Default test" duration-ms="65032" started-at="2019-11-13T08:58:04Z" finished-at="2019-11-13T08:59:09Z">
      <class name="com.vtiger.Testpom.TestCreateInvoice">
        <test-method status="PASS" signature="OpenApp()[pri:0, instance:com.vtiger.Testpom.TestCreateInvoice@51081592]" name="OpenApp" is-config="true" duration-ms="12491" started-at="2019-11-13T14:28:04Z" finished-at="2019-11-13T14:28:17Z">
          <reporter-output>
          </reporter-output>
        </test-method> <!-- OpenApp -->
        <test-method status="PASS" signature="testcase6()[pri:0, instance:com.vtiger.Testpom.TestCreateInvoice@51081592]" name="testcase6" duration-ms="52470" started-at="2019-11-13T14:28:17Z" finished-at="2019-11-13T14:29:09Z">
          <reporter-output>
          </reporter-output>
        </test-method> <!-- testcase6 -->
        <test-method status="PASS" signature="closeApp(org.testng.ITestResult)[pri:0, instance:com.vtiger.Testpom.TestCreateInvoice@51081592]" name="closeApp" is-config="true" duration-ms="4" started-at="2019-11-13T14:29:09Z" finished-at="2019-11-13T14:29:09Z">
          <params>
            <param index="0">
              <value>
                <![CDATA[[TestResult name=testcase6 status=SUCCESS method=TestCreateInvoice.testcase6()[pri:0, instance:com.vtiger.Testpom.TestCreateInvoice@51081592] output={null}]]]>
              </value>
            </param>
          </params>
          <reporter-output>
            <line>
              <![CDATA[Test testcase6 is passed]]>
            </line>
          </reporter-output>
        </test-method> <!-- closeApp -->
      </class> <!-- com.vtiger.Testpom.TestCreateInvoice -->
    </test> <!-- Default test -->
  </suite> <!-- Default suite -->
</testng-results>
